<?xml version="1.0" encoding="UTF-8"?>
<!-- Generated by org.testng.reporters.JUnitReportReporter -->
<testsuite skipped="0" hostname="Rajae-PC" name="com.freecrm.util.explain" tests="1" failures="0" timestamp="2019-10-29T10:47:41 WAT" time="38.909" errors="0">
  <testcase name="recordVideo" time="38.909" classname="com.freecrm.util.explain"/>
</testsuite> <!-- com.freecrm.util.explain -->
