<?xml version="1.0" encoding="UTF-8"?>
<!-- Generated by org.testng.reporters.JUnitReportReporter -->
<testsuite skipped="0" hostname="Rajae-PC" name="com.freecrm.base.Testcase" tests="1" failures="0" timestamp="2019-10-29T13:01:16 WAT" time="24.693" errors="0">
  <testcase name="initialisation" time="24.693" classname="com.freecrm.base.Testcase"/>
</testsuite> <!-- com.freecrm.base.Testcase -->
